# JRE version: OpenJDK Runtime Environment (8.0_112-b06) (build 1.8.0_112-release-b06)
# Java VM: OpenJDK 64-Bit Server VM (25.112-b06 mixed mode windows-amd64 compressed oops)
Heap:
 PSYoungGen      total 202752K, used 179520K [0x00000000e0000000, 0x00000000ee580000, 0x0000000100000000)
  eden space 183808K, 92% used [0x00000000e0000000,0x00000000ea6543a0,0x00000000eb380000)
  from space 18944K, 48% used [0x00000000ed300000,0x00000000edbfbd68,0x00000000ee580000)
  to   space 25600K, 0% used [0x00000000eb380000,0x00000000eb380000,0x00000000ecc80000)
 ParOldGen       total 136704K, used 111849K [0x00000000a0000000, 0x00000000a8580000, 0x00000000e0000000)
  object space 136704K, 81% used [0x00000000a0000000,0x00000000a6d3a718,0x00000000a8580000)
 Metaspace       used 84872K, capacity 93600K, committed 93824K, reserved 1130496K
  class space    used 10797K, capacity 11855K, committed 11904K, reserved 1048576K
GC Heap History (10 events):
Event: 16775.876 GC heap before
{Heap before GC invocations=51 (full 3):
 PSYoungGen      total 231936K, used 231920K [0x00000000e0000000, 0x00000000f0d80000, 0x0000000100000000)
  eden space 218624K, 100% used [0x00000000e0000000,0x00000000ed580000,0x00000000ed580000)
  from space 13312K, 99% used [0x00000000edd80000,0x00000000eea7c3e8,0x00000000eea80000)
  to   space 28672K, 0% used [0x00000000ef180000,0x00000000ef180000,0x00000000f0d80000)
 ParOldGen       total 136704K, used 110146K [0x00000000a0000000, 0x00000000a8580000, 0x00000000e0000000)
  object space 136704K, 80% used [0x00000000a0000000,0x00000000a6b90838,0x00000000a8580000)
 Metaspace       used 84145K, capacity 92520K, committed 92672K, reserved 1130496K
  class space    used 10683K, capacity 11707K, committed 11776K, reserved 1048576K
Event: 16775.900 GC heap after
Heap after GC invocations=51 (full 3):
 PSYoungGen      total 230912K, used 10164K [0x00000000e0000000, 0x00000000f0500000, 0x0000000100000000)
  eden space 210944K, 0% used [0x00000000e0000000,0x00000000e0000000,0x00000000ece00000)
  from space 19968K, 50% used [0x00000000ef180000,0x00000000efb6d2c8,0x00000000f0500000)
  to   space 28160K, 0% used [0x00000000ece00000,0x00000000ece00000,0x00000000ee980000)
 ParOldGen       total 136704K, used 110154K [0x00000000a0000000, 0x00000000a8580000, 0x00000000e0000000)
  object space 136704K, 80% used [0x00000000a0000000,0x00000000a6b92838,0x00000000a8580000)
 Metaspace       used 84145K, capacity 92520K, committed 92672K, reserved 1130496K
  class space    used 10683K, capacity 11707K, committed 11776K, reserved 1048576K
}
Event: 16906.320 GC heap before
{Heap before GC invocations=52 (full 3):
 PSYoungGen      total 230912K, used 221108K [0x00000000e0000000, 0x00000000f0500000, 0x0000000100000000)
  eden space 210944K, 100% used [0x00000000e0000000,0x00000000ece00000,0x00000000ece00000)
  from space 19968K, 50% used [0x00000000ef180000,0x00000000efb6d2c8,0x00000000f0500000)
  to   space 28160K, 0% used [0x00000000ece00000,0x00000000ece00000,0x00000000ee980000)
 ParOldGen       total 136704K, used 110154K [0x00000000a0000000, 0x00000000a8580000, 0x00000000e0000000)
  object space 136704K, 80% used [0x00000000a0000000,0x00000000a6b92838,0x00000000a8580000)
 Metaspace       used 84198K, capacity 92608K, committed 92672K, reserved 1130496K
  class space    used 10691K, capacity 11715K, committed 11776K, reserved 1048576K
Event: 16906.357 GC heap after
Heap after GC invocations=52 (full 3):
 PSYoungGen      total 214528K, used 10269K [0x00000000e0000000, 0x00000000efd00000, 0x0000000100000000)
  eden space 203776K, 0% used [0x00000000e0000000,0x00000000e0000000,0x00000000ec700000)
  from space 10752K, 95% used [0x00000000ece00000,0x00000000ed807408,0x00000000ed880000)
  to   space 27648K, 0% used [0x00000000ee200000,0x00000000ee200000,0x00000000efd00000)
 ParOldGen       total 136704K, used 110354K [0x00000000a0000000, 0x00000000a8580000, 0x00000000e0000000)
  object space 136704K, 80% used [0x00000000a0000000,0x00000000a6bc4888,0x00000000a8580000)
 Metaspace       used 84198K, capacity 92608K, committed 92672K, reserved 1130496K
  class space    used 10691K, capacity 11715K, committed 11776K, reserved 1048576K
}
Event: 17167.558 GC heap before
{Heap before GC invocations=53 (full 3):
 PSYoungGen      total 214528K, used 214045K [0x00000000e0000000, 0x00000000efd00000, 0x0000000100000000)
  eden space 203776K, 100% used [0x00000000e0000000,0x00000000ec700000,0x00000000ec700000)
  from space 10752K, 95% used [0x00000000ece00000,0x00000000ed807408,0x00000000ed880000)
  to   space 27648K, 0% used [0x00000000ee200000,0x00000000ee200000,0x00000000efd00000)
 ParOldGen       total 136704K, used 110354K [0x00000000a0000000, 0x00000000a8580000, 0x00000000e0000000)
  object space 136704K, 80% used [0x00000000a0000000,0x00000000a6bc4888,0x00000000a8580000)
 Metaspace       used 84250K, capacity 92696K, committed 92928K, reserved 1130496K
  class space    used 10699K, capacity 11723K, committed 11776K, reserved 1048576K
Event: 17167.588 GC heap after
Heap after GC invocations=53 (full 3):
 PSYoungGen      total 216064K, used 8916K [0x00000000e0000000, 0x00000000ef500000, 0x0000000100000000)
  eden space 196608K, 0% used [0x00000000e0000000,0x00000000e0000000,0x00000000ec000000)
  from space 19456K, 45% used [0x00000000ee200000,0x00000000eeab52a8,0x00000000ef500000)
  to   space 27136K, 0% used [0x00000000ec000000,0x00000000ec000000,0x00000000eda80000)
 ParOldGen       total 136704K, used 111753K [0x00000000a0000000, 0x00000000a8580000, 0x00000000e0000000)
  object space 136704K, 81% used [0x00000000a0000000,0x00000000a6d22718,0x00000000a8580000)
 Metaspace       used 84250K, capacity 92696K, committed 92928K, reserved 1130496K
  class space    used 10699K, capacity 11723K, committed 11776K, reserved 1048576K
}
Event: 17170.618 GC heap before
{Heap before GC invocations=54 (full 3):
 PSYoungGen      total 216064K, used 205524K [0x00000000e0000000, 0x00000000ef500000, 0x0000000100000000)
  eden space 196608K, 100% used [0x00000000e0000000,0x00000000ec000000,0x00000000ec000000)
  from space 19456K, 45% used [0x00000000ee200000,0x00000000eeab52a8,0x00000000ef500000)
  to   space 27136K, 0% used [0x00000000ec000000,0x00000000ec000000,0x00000000eda80000)
 ParOldGen       total 136704K, used 111753K [0x00000000a0000000, 0x00000000a8580000, 0x00000000e0000000)
  object space 136704K, 81% used [0x00000000a0000000,0x00000000a6d22718,0x00000000a8580000)
 Metaspace       used 84284K, capacity 92712K, committed 92928K, reserved 1130496K
  class space    used 10699K, capacity 11723K, committed 11776K, reserved 1048576K
Event: 17170.638 GC heap after
Heap after GC invocations=54 (full 3):
 PSYoungGen      total 203264K, used 12876K [0x00000000e0000000, 0x00000000eec80000, 0x0000000100000000)
  eden space 189952K, 0% used [0x00000000e0000000,0x00000000e0000000,0x00000000eb980000)
  from space 13312K, 96% used [0x00000000ec000000,0x00000000ecc93080,0x00000000ecd00000)
  to   space 26112K, 0% used [0x00000000ed300000,0x00000000ed300000,0x00000000eec80000)
 ParOldGen       total 136704K, used 111801K [0x00000000a0000000, 0x00000000a8580000, 0x00000000e0000000)
  object space 136704K, 81% used [0x00000000a0000000,0x00000000a6d2e718,0x00000000a8580000)
 Metaspace       used 84284K, capacity 92712K, committed 92928K, reserved 1130496K
  class space    used 10699K, capacity 11723K, committed 11776K, reserved 1048576K
}
Event: 17214.248 GC heap before
{Heap before GC invocations=55 (full 3):
 PSYoungGen      total 203264K, used 202828K [0x00000000e0000000, 0x00000000eec80000, 0x0000000100000000)
  eden space 189952K, 100% used [0x00000000e0000000,0x00000000eb980000,0x00000000eb980000)
  from space 13312K, 96% used [0x00000000ec000000,0x00000000ecc93080,0x00000000ecd00000)
  to   space 26112K, 0% used [0x00000000ed300000,0x00000000ed300000,0x00000000eec80000)
 ParOldGen       total 136704K, used 111801K [0x00000000a0000000, 0x00000000a8580000, 0x00000000e0000000)
  object space 136704K, 81% used [0x00000000a0000000,0x00000000a6d2e718,0x00000000a8580000)
 Metaspace       used 84332K, capacity 92812K, committed 92928K, reserved 1130496K
  class space    used 10707K, capacity 11731K, committed 11776K, reserved 1048576K
Event: 17214.267 GC heap after
Heap after GC invocations=55 (full 3):
 PSYoungGen      total 202752K, used 9199K [0x00000000e0000000, 0x00000000ee580000, 0x0000000100000000)
  eden space 183808K, 0% used [0x00000000e0000000,0x00000000e0000000,0x00000000eb380000)
  from space 18944K, 48% used [0x00000000ed300000,0x00000000edbfbd68,0x00000000ee580000)
  to   space 25600K, 0% used [0x00000000eb380000,0x00000000eb380000,0x00000000ecc80000)
 ParOldGen       total 136704K, used 111849K [0x00000000a0000000, 0x00000000a8580000, 0x00000000e0000000)
  object space 136704K, 81% used [0x00000000a0000000,0x00000000a6d3a718,0x00000000a8580000)
 Metaspace       used 84332K, capacity 92812K, committed 92928K, reserved 1130496K
  class space    used 10707K, capacity 11731K, committed 11776K, reserved 1048576K
}

